# SprintFund Mainnet Transactions Log
# Format: TX<number>: <transaction-id> - <description>
# 
# Example:
# TX1: 0x1234567890abcdef... - Create Test Proposal
#
# Add your transaction IDs below:
DEPLOY_LOGGER: 8c74a2612d50c29af8c6c4f7b79e92499eee4a7f00a8390a08092ae664606654 - Deploy Logger Contract
CONTRACT: SP31PKQVQZVZCK3FM3NH67CGD6G1FMR17VQVS2W5T.sprintfund-logger
LOG_1: aa53dcece182328e78c60aa8586915aee36b18a07c0e3065a8027672603e5b1f - SprintFund development activity #1
LOG_2: 10bb504abd01303071021011bf84dbe29b6ab887a19499419d6a142db1945fab - Testing logger functionality #2
LOG_3: 8722507f70a53fc298e1d8492cc8a08ccacc4dde29567f9fb775c8ec3a634ee8 - On-chain transaction test #3
LOG_4: 8360c1b9aab47455099d83802ac381ab50b6f5d2b7909fb3998aa5c8eb2b3bb0 - Builder Rewards tracking #4
LOG_5: 2341c00514380a12abf57962b4632cd13892134948cddbcdebb7a0294d337deb - Contract interaction log #5
LOG_6: b22e9c0ba233fe4935b1312b0febd5df92107e9ae70f66ee9ad62c97aebd540b - Mainnet activity record #6
LOG_7: 2b113ad7a6200799d1eeec04f8200c68bdac586b2e6c7cd59cd803a28789bb4d - DAO proposal system work #7
LOG_8: f5c3c1fa56befdc06961e9ecf9cc8b4c2034dac07d342b1059f82ddbe1db5768 - Frontend integration test #8
LOG_9: 0df54fd40cfbb18365eb2151b42749bb2484219ee114f5817a3a84378fcff597 - Smart contract call #9
LOG_10: 0059231ef846683f73ad8cc3efd8c8bea29688dfd3a4226675714a63758235b3 - Platform development log #10
LOG_11: 89f2193e019830774ff4d82c2d4d6e58c252b1d070d65719ed50649738574bf8 - SprintFund development activity #11
LOG_12: fc20ca81c1fbbc4d54c04222efcd30b6fe8c696c09a96f16752d42883c21aef1 - Testing logger functionality #12
LOG_13: c7935e93cbf051726d47f74ceb288fc0e7f228fe07d291520e646aedcf5400ec - On-chain transaction test #13
LOG_14: 9452c2ab99a756c0c975d4fe2ee30648cd3ca27411fb281c74ff3114e54dd039 - Builder Rewards tracking #14
LOG_15: 45934a4b55434f4ccab238c1aa96947294499c66727ade954b23c31229eb6737 - Contract interaction log #15
LOG_16: e407d9d10a8b1dbfe9bd06055cd1b4e3b09a316cf168db2fe9f37f999a601066 - Mainnet activity record #16
LOG_17: eb236b1004970f5ad6c8ef066fadefbababc00240db031d0ef7a96367d69ba5a - DAO proposal system work #17
LOG_18: 661959a9f9a5942268aabba2b144c01224619ae58dbd682e9195f6c926a0aed5 - Frontend integration test #18
LOG_19: 3350c34b078474f757b34cf20d68a2409fabe98f8b1c03f77c14674a1caab070 - Smart contract call #19
LOG_20: c2727aa8450733f65b800d3517f6774e7a804b764e24ca8fe7ad7954ef322a11 - Platform development log #20
